<?xml version="1.0" encoding="UTF-8"?>
<!-- Generated by org.testng.reporters.JUnitXMLReporter -->
<testsuite ignored="0" hostname="LAPTOP-Q2M17KTP" failures="0" tests="2" name="Default test" time="165.123" errors="0" timestamp="2021-02-02T15:25:45 IST">
  <testcase classname="excercise.Appium_Framework.Ecommerce_TC03" name="totalvalidation" time="97.162"/>
  <testcase classname="excercise.Appium_Framework.Ecommerce_TC03" name="totalvalidation" time="58.75"/>
</testsuite> <!-- Default test -->
