<?xml version="1.0" encoding="UTF-8"?>
<testng-results ignored="0" total="1" passed="1" failed="0" skipped="0">
  <reporter-output>
  </reporter-output>
  <suite started-at="2021-02-03T03:56:04 IST" name="Suite" finished-at="2021-02-03T03:59:25 IST" duration-ms="201272">
    <groups>
    </groups>
    <test started-at="2021-02-03T03:56:04 IST" name="Test" finished-at="2021-02-03T03:59:25 IST" duration-ms="201272">
      <class name="excercise.Appium_Framework.NoBrokerLaunch">
        <test-method is-config="true" signature="killAllNodes()[pri:0, instance:excercise.Appium_Framework.NoBrokerLaunch@22ef9844]" started-at="2021-02-03T03:56:04 IST" name="killAllNodes" finished-at="2021-02-03T03:56:13 IST" duration-ms="9067" status="PASS">
          <reporter-output>
          </reporter-output>
        </test-method> <!-- killAllNodes -->
        <test-method signature="nobroker()[pri:0, instance:excercise.Appium_Framework.NoBrokerLaunch@22ef9844]" started-at="2021-02-03T03:56:13 IST" name="nobroker" finished-at="2021-02-03T03:59:25 IST" duration-ms="192115" status="PASS">
          <reporter-output>
          </reporter-output>
        </test-method> <!-- nobroker -->
      </class> <!-- excercise.Appium_Framework.NoBrokerLaunch -->
    </test> <!-- Test -->
  </suite> <!-- Suite -->
</testng-results>
